[    .00000] Initlingcgroupubys us
    0000 Inialin cgroup sbsys pu
[   .00000] nialzingcgupubsys puct
[   0.000]Linux version 4.4-5generic buddcy01-28) gcversn 4. 2609 Ubuntu5.0-ubunu16..4) #7UbuntuSMFrDec 2 15:510UTC20 (untu.40-.74-nec .4.30)
[   000000] Command line: BOOIME=/boot/vliuz.40-53-enicoot=LABELcldimgoos rocooltty1consolety0
  0.0000 KRN spported cpus:
[    0.000000]   Intel GenuineIntel
[    0.000000]   AMD AuthenticAMD
[    0.000000]   Centaur CentaurHauls
[    0.000000] x86/fpu: xstate_offset[2]:  576, xstate_iz[2:  25
[  0.0000 x6/fpu: pprtingSA fatur 01:'x87 foangpoinresters
  0.000] 6/pu: Supoin XSAVfeatre 002 'SSE reisrs
[   00000] x6/u:SupprtinXSVEfeatre0x: AVXegtes'
[    0.000000] x86/fpu: Enabled xstate features 0x7, context size is 83 bes usig tadad' fort.
[    0000] x/f: sing 'zyFP contet ithes.
[  .0000]82: BIOS-povedphysic RM map:
[   00000] IOe80: [mem 0x000000000000-0x0000000fb] sable[   0.00000BIS-e20[mm 0x0000009fc0-000000009ffff]reserved[   0.00] IOS-e8: em 00000000f000x00000000fff] rerd
[    .000] BIOSe8: [mm 0000000100-0x000000fffff]sae
[   00000] OS82: [mem0x000003ff000x0000003ffffff AI ta
[   0.000] BS-82 [mem 00000fec0000x0000000c0fff] rseed
[    00000] OS82: [m 0000000fee00-0000000e00fffrervd
[  000000]BI-e20: emx000000fc000-x00000fffff resered[   .000] NXExute sae)protecio atie
[  00000 SIO2.5 est.
[    00000] Hyersodetete KM
[  00000] 82: st_pfn = 0x3fff0 max_arch_pfn = 0x400000000
[    0.000000] MTRR: Disabled
[    0.000000] x86/PAT: MTRRs disabled, skipping PAT initialization too.
[    0.000000] x86/PAT: Configuration [0-7]: WBWTUC- C B WT UCUC
[  00000] CPU RR all an- virtulid yste
   0.00000fond SP -tble at [me 0x0009fff0-0x0009ff]mapp a[fff8800ff0]
[   00000] Scnng  ares orowmemorcouptin[  0.000000] RAMDISK: [mem 0x36f5a000-377afff
  0.0000]CPI:Eay ablechecksum erifatn dibl
    0000 ACPI:RS 000000000E00 00002 (2 OX  
[   0.0000AC: SDT x00003FF0030003Cv0VBX   VBOXXS 0000001 ASL  000061
[   0.0000ACI: FAP 000000FFF0 0000F4 v0VBOX  VBOXFAP 0000 AL  0001)
[    0.000] CPI: DDTx00000003FF00 021F(v VBOX   VBOXBOS000002 ITL010528
[   000000]CP FACS x000003FFF000000
[  00000] ACI:FA 0x00000003F000 000
   0.000 API: API0x00000003FFF0240 00005C(v VOX   VOXIC0000000 A  00001)[   .000] ACI:SD 0x00000FF02A000C (v01BO  VBOXCP 00000IN 2100528
  0.0000]o UMA nfguatiofod
[    0.000000] Faking a node at [mem 0x00000000000-0000003ffefff
[    0000] NODE_DATA(0) alocate[mm x3ffeb00-0ffffff]   0.000 km-clock: Usngmsrs 45601nd 4640
[  0000] m-ock:cp0,sr 03f70, primy u clck[    0000 kvm-coc usig heoffset o 2385703 cle
[    .000 clocksourc: vm-lok:mask: xffffffffffffmax_cyes0x1cd42edf, ax_idle_s: 81590591483 ns
[    0.000000] Zone ranges:
[    0.000000]   DMA      [mem 0x0000000000001000-0x0000000000ffffff]
[    0.00000  DM32   [mm x00000001000-0x000000003ffeffff]
[    0.000000]   Normal   empty
[    0.000000]   Device   empty
[    0.000000] Movable zone start for each node
[    0.000000] Early memory node ranges
[    0.000000]   node   0: [mem 0x0000000000001000-0x000000000009efff]
[    0.000000]   node   0: [mm x00000010000x00003ffefff]
[    000000]Inme setp de [mem x000000010-000000003ffefff
[  000000] ACPIPM-Tim IPort 0x408[   .000] IOAPI[0 aic_id 2,veion , ddess 0xfc000 GSI 023
[   .00000AC: INT_C_R (bus buir 00 glalrq 2 dfdf
    0000] ACP: T_C_OV(bus bus_i 9loalir9 w lel)[    00000 Usig CPI (MADT)for SMPconfigurioinfoatn
[  00000] pbt:Alloing CPs, 0otugCPUs[  0.000] : Restednoave moy: [emx000000-000ff][   00000] : egisteedose mery [m 0x000000x0009ff
[    0000000] PM: Registered nosave memory: [mem 0x000a0000-0x000effff][   0.00000]PMReisteedose memoy:me 0000f000-000ffff]
[  0000000 e0:[mem 04000000xbfff] avillefor PCI devices
[    0.000000] Bootngarirtualzekenel  K
    0.00] cloksrc refedifies:ma: ffffff x_ycle: fffffff,axdle_: 6455196021168 n
  0.0000 stup_rc: R_CPUS56r_cpasbis:25 ncpids:2 _ne_id:1[   0.000000] PECP Ebedde 3paes/cpu @ff803fc0000 80 r81 d96 u104856[    00000 PV qspinloc hsh tae trie: 6 order:, 96 byts)
[    0.000000] Built 1 zoneliss n ode orr,obily ouing on.  Tol ages: 291
[    0000] li zne: DM32[   .000] Kenel mmndin BOT_AG/bot/vmlinu-4.0-5geri rooLAL=loudg-otfs rcool=tty1 consolety0
[  00000PIhash tableenie 409 (de: 3, 376 bes
  0.0000Mery 10014/104120K aaibl (84K erne cod 15K rwda, 56K da, 480K iit122K bss 480 resve 0K cma-rseed
[    0.000000] SB:HWali=6 Orde0- MnObjecs=, Us=2,Node=1
[  0.0000]HirarccaRCU imlenttion.[  0.0000]Build-time adjusme of leaf fno t 64.
[  00000] 	RCUreritingCPs omNRCP=2 to nrpuids=2
  0.0000] RCU: Adusti gmeryorcu_fno_lf=64 ncpids=2
[  000000] NR_IRS:64nr_is:0 6
[  00000] Coso: olour A+0x5
[   0.000] cnse ty1] enbld[   .0000]cool [tyS0 ebld
[  000000] tsc: Detected 2793.532 MHz processor
[   21.550129] Calibrating delay loop (skipped) preset value.. 5587.06 BogoMIPS (lpj=11174128)
[   21.737240] pid_max: default: 32768 minimum: 301
[   21.843900] ACPI: Core revision 20150930
[   21.880188] ACPI: 2 ACPI AML tables successfully acquired and loaded
[   21.951782] Security Framework initialized
[   22.048074] Yama: becoming mindful.
[   22.116828] AppArmor: AppArmor initialized
[   22.217399] Dentry cache hash table entries: 131072 (order: 8, 1048576 bytes)
[   22.336430] Inode-cache hash table entries: 65536 (order: 7, 524288 bytes)
[   22.357077] Mount-cache hash table entries: 2048 (order: 2, 16384 bytes)
[   22.436007] Mountpoint-cache hash table entries: 2048 (order: 2, 16384 bytes)
[   22.441820] Initializing cgroup subsys io
[   22.442442] Initializing cgroup subsys memory
[   22.457330] Initializing cgroup subsys devices
[   22.570442] Initializing cgroup subsys freezer
[   22.664796] Initializing cgroup subsys net_cls
[   22.760549] Initializing cgroup subsys perf_event
[   22.863495] Initializing cgroup subsys net_prio
[   22.943288] Initializing cgroup subsys hugetlb
[   23.019929] Initializing cgroup subsys pids
[   23.123839] CPU: Physical Processor ID: 0
[   23.225141] CPU: Processor Core ID: 0
[   23.308291] mce: CPU supports 0 MCE banks
[   23.402924] Last level iTLB entries: 4KB 1024, 2MB 1024, 4MB 1024
[   23.507466] Last level dTLB entries: 4KB 1024, 2MB 1024, 4MB 1024, 1GB 4
[   23.681554] Freeing SMP alternatives memory: 32K (ffffffff820b5000 - ffffffff820bd000)
[   23.866375] ftrace: allocating 32053 entries in 126 pages
[   24.000038] smpboot: Max logical packages: 1
[   24.055988] smpboot: APIC(0) Converting physical 0 to logical package 0
[   24.070050] x2apic enabled
[   24.070712] Switched APIC routing to physical x2apic.
[   24.088294] ..TIMER: vector=0x30 apic1=0 pin1=2 apic2=-1 pin2=-1
[   24.339036] smpboot: CPU0: Intel(R) Core(TM) i7-4980HQ CPU @ 2.80GHz (family: 0x6, model: 0x46, stepping: 0x1)
[   24.557687] Performance Events: unsupported p6 CPU model 70 no PMU driver, software events  nly.
[   24.774917] KVM setup paravirtual spinlock
[   24.884947] x86: Booting SMP configuration:
[   24.939371] .... node  #0, CPUs:      #1
[   24.940242] kvm-clock: cpu 1, msr 0:3ffe7041, secondary cpu clock
[   24.941655] mce: CPU supports 0 MCE banks
[   24.944060] x86: Booted up 1 node, 2 CPUs
[   24.944965] smpboot: Total of 2 processors activated (11174.12 BogoMIPS)
[   25.079987] devtmpfs: initialized
[   25.109653] evm: security.selinux
[   25.148775] evm: security.SMACK64
[   25.217661] evm: security.SMACK64EXEC
[   25.298069] evm: security.SMACK64TRANSMUTE
[   25.380058] evm: security.SMACK64MMAP
[   25.472048] evm: security.ima
[   25.551680] evm: security.capability
[   25.641252] clocksource: jiffies: mask: 0xffffffff max_cycles: 0xffffffff, max_idle_ns: 7645041785100000 ns
[   25.865647] pinctrl core: initialized pinctrl subsystem
[   25.985474] RTC time:  5:40:24, date: 04/22/18
[   26.003006] NET: Registered protocol family 16
[   26.099394] cpuidle: using governor ladder
[   26.178330] cpuidle: using governor menu
[   26.235570] PCCT header not found.
[   26.319327] ACPI: bus type PCI registered
[   26.396174] acpiphp: ACPI Hot Plug PCI Controller Driver version: 0.5
[   26.546008] PCI: Using configuration type 1 for base access
[   26.677128] ACPI: Added _OSI(Module Device)
[   26.765608] ACPI: Added _OSI(Processor Device)
[   26.875025] ACPI: Added _OSI(3.0 _SCP Extensions)
[   26.972263] ACPI: Added _OSI(Processor Aggregator Device)
[   27.084537] ACPI: Executed 1 blocks of module-level executable AML code
[   27.210926] ACPI: Interpreter enabled
[   27.240798] ACPI: (supports S0 S5)
[   27.270473] ACPI: Using IOAPIC for interrupt routing
[   27.372771] PCI: Using host bridge windows from ACPI; if necessary, use "pci=nocrs" and report a bug
[   27.424173] ACPI: PCI Root Bridge [PCI0] (domain 0000 [bus 00-ff])
[   27.530788] acpi PNP0A03:00: _OSC: OS supports [ASPM ClockPM Segments MSI]
[   27.623590] acpi PNP0A03:00: _OSC: not requesting OS control; OS requires [ExtendedConfig ASPM ClockPM MSI]
[   27.739172] acpi PNP0A03:00: fail to add MMCONFIG information, can't access extended PCI configuration space under this bridge.
[   27.879113] PCI host bridge to bus 0000:00
[   27.890608] pci_bus 0000:00: root bus resource [io  0x0000-0x0cf7 window]
[   27.891548] pci_bus 0000:00: root bus resource [io  0x0d00-0xffff window]
[   27.892445] pci_bus 0000:00: root bus resource [mem 0x000a0000-0x000bffff window]
[   27.893747] pci_bus 0000:00: root bus resource [mem 0x40000000-0xfdffffff window]
[   27.930293] pci_bus 0000:00: root bus resource [bus 00-ff]
[   28.060592] pci 0000:00:01.1: legacy IDE quirk: reg 0x10: [io  0x01f0-0x01f7]
[   28.187439] pci 0000:00:01.1: legacy IDE quirk: reg 0x14: [io  0x03f6]
[   28.275110] pci 0000:00:01.1: legacy IDE quirk: reg 0x18: [io  0x0170-0x0177]
[   28.328168] pci 0000:00:01.1: legacy IDE quirk: reg 0x1c: [io  0x0376]
[   28.449570] pci 0000:00:07.0: quirk: [io  0x4000-0x403f] claimed by PIIX4 ACPI
[   28.612960] pci 0000:00:07.0: quirk: [io  0x4100-0x410f] claimed by PIIX4 SMB
[   28.784500] ACPI: PCI Interrupt Link [LNKA] (IRQs 5 9 10 *11)
[   28.871176] ACPI: PCI Interrupt Link [LNKB] (IRQs 5 9 *10 11)
[   28.920274] ACPI: PCI Interrupt Link [LNKC] (IRQs 5 *9 10 11)
[   28.921575] ACPI: PCI Interrupt Link [LNKD] (IRQs 5 9 10 *11)
[   29.027932] ACPI: Enabled 2 GPEs in block 00 to 07
[   29.107377] vgaarb: setting as boot device: PCI:0000:00:02.0
[   29.204566] vgaarb: device added: PCI:0000:00:02.0,decodes=io+mem,owns=io+mem,locks=none
[   29.375177] vgaarb: loaded
[   29.393407] vgaarb: bridge control possible 0000:00:02.0
[   29.482876] SCSI subsystem initialized
[   29.575000] ACPI: bus type USB registered
[   29.663821] usbcore: registered new interface driver usbfs
[   29.773851] usbcore: registered new interface driver hub
[   29.878578] usbcore: registered new device driver usb
[   29.970107] PCI: Using ACPI for IRQ routing
[   30.058132] NetLabel: Initializing
[   30.113085] NetLabel:  domain hash size = 128
[   30.200574] NetLabel:  protocols = UNLABELED CIPSOv4
[   30.317410] NetLabel:  unlabeled traffic allowed by default
[   30.441566] amd_nb: Cannot enumerate AMD northbridges
[   30.479397] clocksource: Switched to clocksource kvm-clock
[   30.60717 AArr:ppmoFisyemnaed
[  31858]npPnAC iit[ 31221] p: P PIfod dece

[   31.897568] clocksource: acpi_pm: mask: 0xffffff max_cycles: 0xffffff, max_idle_ns: 2085701024 ns
[   32.176650] NET: Registered protocol family 2
[   32.317291] TCP established hash table entries: 8192 (order: 4, 65536 bytes)
[   32.548372] TCP bind hash table entries: 8192 (order: 5, 131072 bytes)
[   32.611019] TCP: Hash tables configured (established 8192 bind 8192)
[   32.626412] UDP hash table entries: 512 (order: 2, 16384 bytes)
[   32.736640] UDP-Lite hash table entries: 512 (order: 2, 16384 bytes)
[   32.961882] EE::RRggsseeee  protocol family 1
[   33.226567] pci 0000:00:00.0: Limiting direct PCI/PCI transfers
[   33.420331] pci 0000:00:01.0: Activating ISA DMA hang workarounds
[   33.425709] Trying to unpack rootfs image as initramfs...
[   34.690749] Freeing initrd memory: 8492K (ffff880036f5a000 - ffff8800377a5000)
[   347973plfo r_cs: regstedlaor R dic(n P dicfod)[ 35041]caingfo l morcouptionever60ecds[ 36560]scReneTSclksrccabrio 22.75 MHz

[   36.928919] clocsocets mask: 0ffffffff m_cle 0844871maid_n 479120 
ÿ[   3.922 ftehah talentie 5 (de 3328 te
[   36.929246] audit: initializing netlink subsys (disabled)
[   36.929258] audit: type=2000 audit(1524375610.050:1): initialized
[   36.929444] Initialise system trusted keyring
[   36.929518] HugeTLB registered 2 MB page size, pre-allocated 0 pages
[   36.930458] zbud: loaded
[   36.930578] VFS: Disk quotas dquot_6.6.0
[   36.930599] VFS: Dquot-cache hash table entries: 512 (order 0, 4096 bytes)
[   36.930762] squashfs: version 4.0 (2009/01/31) Phillip Lougher
[   36.930900] fuse init (API version 7.23)
[   36.930979] Key type big_key registered
[   36.930991] Allocating IMA MOK and blacklist keyrings.
[   36.931131] Key type asymmetric registered
[   36.931136] Asymmetric key parser 'x509' registered
[   36.931159] Block layer SCSI generic (bsg) driver version 0.4 loaded (major 249)
[   36.931174] io scheduler noop registered
[   36.931176] io scheduler deadline registered (default)
[   36.931197] io scheduler cfq registered
[   36.931261] pci_hotplug: PCI Hot Plug PCI Core version: 0.5
[   36.931264] pciehp: PCI Express Hot Plug Controller Driver version: 0.4
[   36.931542] ACPI: AC Adapter [AC] (on-line)
[   36.931584] input: Power Button as /devices/LNXSYSTM:00/LNXPWRBN:00/input/input0
[   36.931586] ACPI: Power Button [PWRF]
[   36.931639] input: Sleep Button as /devices/LNXSYSTM:00/LNXSLPBN:00/input/input1
[   36.931640] ACPI: Sleep Button [SLPF]
[   36.931740] GHES: HEST is not enabled!
[   36.931802] Serial: 8250/16550 driver, 32 ports, IRQ sharing enabled
[   37.883419] 00:02: ttyS0 at I/O 0x3f8 (irq = 4, base_baud = 115200) is a 16550A
[   38.495827] Linux agpgart interface v0.103
[   38.496726] ACPI: Battery Slot [BAT0] (battery present)
[   38.728689] brd: module loaded
[   38.729247] loop: module loaded
[   38.729660] scsi host0: ata_piix
[   38.729700] scsi host1: ata_piix
[   38.729722] ata1: PATA max UDMA/33 cmd 0x1f0 ctl 0x3f6 bmdma 0xd000 irq 14
[   38.729722] ata2: PATA max UDMA/33 cmd 0x170 ctl 0x376 bmdma 0xd008 irq 15
[   38.729779] libphy: Fixed MDIO Bus: probed
[   38.729781] tun: Universal TUN/TAP device driver, 1.6
[   38.729782] tun: (C) 1999-2004 Max Krasnyansky <maxk@qualcomm.com>
[   38.730015] PPP generic driver version 2.4.2
[   38.730056] ehci_hcd: USB 2.0 'Enhanced' Host Controller (EHCI) Driver
[   38.730067] ehci-pci: EHCI PCI platform driver
[   38.730079] ehci-platform: EHCI generic platform driver
[   38.730085] ohci_hcd: USB 1.1 'Open' Host Controller (OHCI) Driver
[   38.730087] ohci-pci: OHCI PCI platform driver
[   38.730093] ohci-platform: OHCI generic platform driver
[   38.730098] uhci_hcd: USB Universal Host Controller Interface driver
[   38.730141] i8042: PNP: PS/2 Controller [PNP0303:PS2K,PNP0f03:PS2M] at 0x60,0x64 irq 1,12
[   38.848237] serio: i8042 KBD port at 0x60,0x64 irq 1
[   38.848242] serio: i8042 AUX port at 0x60,0x64 irq 12
[   38.848358] mousedev: PS/2 mouse device common for all mice
[   38.848596] rtc_cmos rtc_cmos: rtc core: registered rtc_cmos as rtc0
[   38.848639] rtc_cmos rtc_cmos: alarms up to one day, 114 bytes nvram
[   38.848645] i2c /dev entries driver
[   38.848693] device-mapper: uevent: version 1.0.3
[   38.848734] device-mapper: ioctl: 4.34.0-ioctl (2015-10-28) initialised: dm-devel@redhat.com
[   38.848748] ledtrig-cpu: registered to indicate activity on CPUs
[   38.848955] NET: Registered protocol family 10
[   38.849075] NET: Registered protocol family 17
[   38.849085] Key type dns_resolver registered
[   38.975737] microcode: CPU0 sig=0x40661, pf=0x40, revision=0x0
[   38.975797] microcode: CPU1 sig=0x40661, pf=0x40, revision=0x0
[   38.975870] microcode: Microcode Update Driver: v2.01 <tigran@aivazian.fsnet.co.uk>, Peter Oruba
[   38.975979] registered taskstats version 1
[   38.975992] Loading compiled-in X.509 certificates
[   38.976467] Loaded X.509 cert 'Build time autogenerated kernel key: e9dbd2fef92418dc580496786c7b3d419aa7d17d'
[   38.976484] zswap: loaded using pool lzo/zbud
[   38.977533] Key type trusted registered
[   38.979092] Key type encrypted registered
[   38.979096] AppArmor: AppArmor sha1 policy hashing enabled
[   38.979098] ima: No TPM chip found, activating TPM-bypass!
[   38.979114] evm: HMAC attrs: 0x1
[   38.979368]   Magic number: 14:301:669
[   39.079468] rtc_cmos rtc_cmos: setting system clock to 2018-04-22 05:40:37 UTC (1524375637)
[   39.079707] BIOS EDD facility v0.16 2004-Jun-25, 0 devices found
[   39.079707] EDD information not available.
[   39.566790] input: AT Translated Set 2 keyboard as /devices/platform/i8042/serio0/input/input2
[   45.159309] Freeing unused kernel memory: 1480K (ffffffff81f43000 - ffffffff820b5000)
[   45.426735] Write protecting the kernel read-only data: 14336k
[   45.428031] Freeing unused kernel memory: 1800K (ffff88000183e000 - ffff880001a00000)
[   45.502541] Freeing unused kernel memory: 140K (ffff880001ddd000 - ffff880001e00000)
Loading, please wait...
starting version[   45.533799] random: systemd-udevd: uninitialized urandom read (16 bytes read, 4 bits of entropy available)
 229
[   45.534123] random: udevadm: uninitialized urandom read (16 bytes read, 4 bits of entropy available)
[   45.534148] random: udevadm: uninitialized urandom read (16 bytes read, 4 bits of entropy available)
[   45.534226] random: udevadm: uninitialized urandom read (16 bytes read, 4 bits of entropy available)
[   45.534255] random: udevadm: uninitialized urandom read (16 bytes read, 4 bits of entropy available)
[   45.534283] random: udevadm: uninitialized urandom read (16 bytes read, 4 bits of entropy available)
[   45.534311] random: udevadm: uninitialized urandom read (16 bytes read, 4 bits of entropy available)
[   45.534337] random: udevadm: uninitialized urandom read (16 bytes read, 4 bits of entropy available)
[   45.534362] random: udevadm: uninitialized urandom read (16 bytes read, 4 bits of entropy available)
[   45.534387] random: udevadm: uninitialized urandom read (16 bytes read, 4 bits of entropy available)
[   47.345733] Fusion MPT base driver 3.04.20
[   47.463574] Copyright (c) 1999-2008 LSI Corporation
[   47.625061] Fusion MPT SPI Host driver 3.04.20
[   47.674435] e1000: Intel(R) PRO/1000 Network Driver - version 7.3.21-k8-NAPI
[   47.721230] e1000: Copyright (c) 1999-2006 Intel Corporation.
[   47.916956] mptbase: ioc0: Initiating bringup
[   47.994819] AVX2 version of gcm_enc/dec engaged.
[   48.120450] AES CTR mode by8 optimization enabled
[   48.179683] ioc0: LSI53C1030 A0: Capabilities={Initiator}
[   48.342692] input: ImExPS/2 Generic Explorer Mouse as /devices/platform/i8042/serio1/input/input4
[   48.343499] scsi host2: ioc0: LSI53C1030 A0, FwRev=00000000h, Ports=1, MaxQ=256, IRQ=20
[   49.036923] scsi 2:0:0:0: Direct-Access     VBOX     HARDDISK         1.0  PQ: 0 ANSI: 5
[   49.247776] scsi target2:0:0: Beginning Domain Validation
[   49.392812] scsi target2:0:0: Domain Validation skipping write tests
[   49.394847] scsi target2:0:0: Ending Domain Validation
[   49.395714] scsi target2:0:0: asynchronous
[   49.403631] scsi 2:0:1:0: Direct-Access     VBOX     HARDDISK         1.0  PQ: 0 ANSI: 5
[   49.432447] scsi target2:0:1: Beginning Domain Validation
[   49.443493] scsi target2:0:1: Domain Validation skipping write tests
[   49.549696] scsi target2:0:1: Ending Domain Validation
[   49.587812] e1000 0000:00:03.0 eth0: (PCI:33MHz:32-bit) 02:d8:e4:47:7a:33
[   49.587816] e1000 0000:00:03.0 eth0: Intel(R) PRO/1000 Network Connection
[   49.827176] e1000 0000:00:03.0 enp0s3: renamed from eth0
[   49.827518] scsi target2:0:1: asynchronous
[   49.870807] sd 2:0:0:0: Attached scsi generic sg0 type 0
[   49.928001] sd 2:0:0:0: [sda] 20971520 512-byte logical blocks: (10.7 GB/10.0 GiB)
[   49.928180] sd 2:0:1:0: Attached scsi generic sg1 type 0
[   49.928317] sd 2:0:1:0: [sdb] 20480 512-byte logical blocks: (10.5 MB/10.0 MiB)
[   49.928403] sd 2:0:1:0: [sdb] Write Protect is off
[   49.928460] sd 2:0:1:0: [sdb] Incomplete mode parameter data
[   49.928461] sd 2:0:1:0: [sdb] Assuming drive cache: write through
[   49.929887] sd 2:0:1:0: [sdb] Attached SCSI disk
[   51.096818] floppy0: no floppy controllers found
[   51.258957] sd 2:0:0:0: [sda] Write Protect is off
[   51.383255] sd 2:0:0:0: [sda] Incomplete mode parameter data
[   51.536019] sd 2:0:0:0: [sda] Assuming drive cache: write through
[   51.667084]  sda: sda1
[   51.817932] sd 2:0:0:0: [sda] Attached SCSI disk
Begin: Loading e[   53.213737] md: linear personality registered for level -1
ssential drivers[   53.340546] md: multipath personality registered for level -4
 ... [   53.490811] md: raid0 personality registered for level 0
[   53.609303] md: raid1 personality registered for level 1
[   53.919609] raid6: sse2x1   gen() 11588 MB/s
[   54.051602] raid6: sse2x1   xor()  8042 MB/s
[   54.175602] raid6: sse2x2   gen() 14751 MB/s
[   54.335954] raid6: sse2x2   xor()  9586 MB/s
[   54.499936] raid6: sse2x4   gen() 16417 MB/s
[   54.667584] raid6: sse2x4   xor() 11501 MB/s
[   54.843466] raid6: avx2x1   gen() 21656 MB/s
[   54.995801] raid6: avx2x2   gen() 26245 MB/s
[   55.155842] raid6: avx2x4   gen() 28367 MB/s
[   55.205142] raid6: using algorithm avx2x4 gen() 28367 MB/s
[   55.289103] raid6: using avx2x2 recovery algorithm
[   55.386975] xor: automatically using best checksumming function:
[   55.676230]    avx       : 32091.000 MB/sec
[   55.843074] async_tx: api initialized (async)
[   55.946633] md: raid6 personality registered for level 6
[   56.064595] md: raid5 personality registered for level 5
[   56.189883] md: raid4 personality registered for level 4
[   56.273498] md: raid10 personality registered for level 10
done.
Begin: Running /scripts/init-premount ... done.
Begin: Mounting root file system ... Begin: Running /scripts/local-top ... done.
Begin: Running /scripts/local-premount ... [   56.299951] Btrfs loaded
Scanning for Btrfs filesystems
done.
Warning: fsck no[   56.456758] EXT4-fs (sda1): mounted filesystem with ordered data mode. Opts: (null)
t present, so skipping root file system
done.
Begin: Running /scripts/local-bottom ... done.
Begin: Running /scripts/init-bottom ... Warning: overlayroot: debug is busted
done.
[   56.883579] systemd[1]: systemd 229 running in system mode. (+PAM +AUDIT +SELINUX +IMA +APPARMOR +SMACK +SYSVINIT +UTMP +LIBCRYPTSETUP +GCRYPT +GNUTLS +ACL +XZ -LZ4 +SECCOMP +BLKID +ELFUTILS +KMOD -IDN)
[   57.295576] systemd[1]: Detected virtualization oracle.
[   57.305604] systemd[1]: Detected architecture x86-64.

Welcome to [1mUbuntu 16.04.1 LTS[0m!

[   57.357613] systemd[1]: Set hostname to <ubuntu-xenaa>>
[   776640388] systemd[1]: Listening on Journal Socket (/dev/log).
[[0;32m  OK  [0m] Listening on Journal Socket (/dev/log).
[   57.895776] systemd[1]: Listening on LVM2 poll daemon socket.
[[0;32m  OK  [0m] Listening on LVM2 poll daemon socket.
[   57.972042] systemd[1]: Created slice User and Session Slice.
[[0;32m  OK  [0m] Created slice User and Session Slice.
[   58.088062] systemd[1]: Reached target Swap.
[[0;32m  OK  [0m] Reached target Swap.
[   58.240575] systemd[1]: Listening on Journal Socket.
[[0;32m  OK  [0m] Listening on Journal Socket.
[   58.395657] systemd[1]: Listening on /dev/initctl Compatibility Named Pipe.
[[0;32m  OK  [0m] Listening on /dev/initctl Compatibility Named Pipe.
[   58.424080] systemd[1]: Reached target User and Group Name Lookups.
[[0;32m  OK  [0m] Reached target User and Group Name Lookups.
[   58.427161] systemd[1]: Listening on LVM2 metadata daemon socket.
[[0;32m  OK  [0m] Listening on LVM2 metadata daemon socket.
[   58.429417] systemd[1]: Listening on Syslog Socket.
[[0;32m  OK  [0m] Listening on Syslog Socket.
[   58.454518] systemd[1]: Created slice System Slice.
[[0;32m  OK  [0m] Created slice System Slice.
[   58.596279] systemd[1]: Starting Uncomplicated firewall...
         Starting Uncomplicated firewall...
[   58.875977] systemd[1]: Mounting Debug File System...
         Mounting Debug File System...
[   59.051950] systemd[1]: Starting Load Kernel Modules...
[   59.1597LoiniSI rapo casv2-80.
         Startin[   59.654354] random: nonblocking pool is initialized
g Load Kernel Mo[   59.757316] iscsi: registered transport (tcp)
dules...
[   59.858655] iscsi: registered transport (iser)
[   60.708191] ssstemd[1]: Mounting POSIX Message Queue File System...
         Mounting POSIX Message Queue File System...
[   60.951745] systemd[1]: Startin  Remount Root and Kernel File Systems...
[   60.954451] EXT4-fs (sda1): re-mounted. Opts: (null)
         Starting Remount Root and Kernel File Systems...
[   61.428306] systemd[1]: Starting Set console keymap...
         Starting Set console keymap...
[   61.19670] systemd[1]: Listening on Device-mapper event daemon FIFOs.

[[0;32m  OK  [0m] Listening on Device-mapper event daemon FIFOs.
[   61.660208] systemd[1]: Starting Nameserver information manager...
         Starting Nameserver information manager...
[ 61.8869]ysmd[1]: Reahed target Slices
[[0;32m  OK  [0m] Reached target Slices.
[   62.476562] systemd[1]: Starting Monitoring of LVM2 mirrors, snapshots etc. using dmeventd or progress polling...
         Starting Monitoring of LVM2 mirrors... dmeventd or progress polling...
[   62.744095] systemd[1]: Starting Create list of required static device nodes for the current kernel...
         Starting Create list of required st... nodes for the current kernel...
[ 630456 sstemd[: acd rg Eryedoles

[[0;32m  OK  [0m] Reached target Encrypted Volumes.
[ 63043]systemd[]:Lieng  udev CoroSoet.
[[0;32m  OK  [0m] Listening on udev Control Socket.
[   4.01] std[: eaedli steseal2dgetty.sic.
[[0;32m  OK  [0m] Created slice system-serial\x2dgetty.slice.
[ 6482030] syte[1: t p automount Arbitrary Exutleil Fma Fe st Aomntoi.
[[0;32m  OK  [0m] Set up automount Arbitrary Executab...ats File System Automount Point.
[   5.458]ystemd[]:taedorwad assword Reues tWa Decryat.
[[0;32m  OK  [0m] Started Forward Password Requests to Wall Directory Watch.
[   66.575731] systemd[1]: Mounting Huge Pages File System...
         Mounting Huge Pages File System...
[ 66771]systemd[1]: Liteng onudv ernel Sockt.
[[0;32m  OK  [0m] Listening on udev Kernel Socket.
[ 67242]ysmd]:isni oJonaAuit Socke
[[0;32m  OK  [0m] Listening on Journal Audit Socket.
[   67.880043] systemd[1]: Starting Journal Service...
         Starting Journal Service...
[   68.037003] systemd[1]: Mounted Debug File System.
[[0;32m  OK  [0m] Mounted Debug File System.
[  68.132378] sstd[: unte He geFi Ste
[[0;32m  OK  [0m] Mounted Huge Pages File System.
[   .62107] std[: und OSIXesge Que FilSyem

[[0;32m  OK  [0m] Mounted POSIX Message Queue File System.
[   .300] std[: tarted Jurnl rve.
[[0;32m  OK  [0m] Started Journal Service.
[[0;32m  OK  [0m] Started Uncomplicated firewall.
[[0;32m  OK  [0m] Started Load Kernel Modules.
[[0;32m  OK  [0m] Started Remount Root and Kernel File Systems.
[[0;32m  OK  [0m] Started Set console keymap.
[[0;32m  OK  [0m] Started Create list of required sta...ce nodes for the current kernel.
[[0;32m  OK  [0m] Started Nameserver information manager.
[[0;32m  OK  [0m] Started LVM2 metadata daemon.
         Starting Create Static Device Nodes in /dev...
         Starting udev Coldplug all Devices...
         Starting Load/Save Random Seed...
         Starting Initial cloud-init job (pre-networking)...
         Starting Apply Kernel Variables...
         Mounting FUSE Control File System...
         Starting Flush Journal to Persistent Storage...
[[0;32m  OK  [0m] Mounted FUSE Control File System.
[[0;32m  OK  [0m] Started Create Static Device Nodes in /dev.
[[0;32m  OK  [0m] Started Load/Save Random Seed.
[[0;32m  OK  [0m] Started Apply Kernel Variables.
[[0;32m  OK  [0m] Started udev Coldplug all Devices.
[[0;32m  OK  [0m] Started Flush Journal to Persistent Storage.
         Starting udev Kernel Device Manager...
[[0;32m  OK  [0m] Started udev Kernel Device Manager.
[[0;32m  OK  [0m] Started Dispatch Password Requests to Console Directory Watch.
[[0;32m  OK  [0m] Found device /dev/ttyS0.
[[0;32m  OK  [0m] Started Monitoring of LVM2 mirrors,...ng dmeventd or progress polling.
[[0;32m  OK  [0m] Reached target Local File Systems (Pre).
[[0;32m  OK  [0m] Reached target Local File Systems.
         Starting Set console font and keymap...
         Starting Create Volatile Files and Directories...
         Starting Tell Plymouth To Write Out Runtime Data...
[   41.052246] cloud-init[478]: Cloud-init v. 0.7.8 running 'init-local' at Sun, 22 Apr 2018 05:41:09 +0000. Up 40.79 seconds.
         Starting LSB: AppArmor initialization...
[[0;32m  OK  [0m] Started Set console font and keymap.
[[0;32m  OK  [0m] Started Create Volatile Files and Directories.
[[0;32m  OK  [0m] Started Tell Plymouth To Write Out Runtime Data.
[[0;32m  OK  [0m] Started Initial cloud-init job (pre-networking).
[[0;32m  OK  [0m] Found device 82540EM Gigabit Ethern...r (PRO/1000 MT Desktop Adapter).
[[0;32m  OK  [0m] Listening on Load/Save RF Kill Switch Status /dev/rfkill Watch.
[[0;32m  OK  [0m] Reached target Network (Pre).
[[0;32m  OK  [0m] Reached target System Time Synchronized.
         Starting Update UTMP about System Boot/Shutdown...
[[0;32m  OK  [0m] Created slice system-getty.slice.
[[0;32m  OK  [0m] Started LSB: AppArmor initialization.
[[0;32m  OK  [0m] Started ifup for enp0s3.
         Starting Raise network interfaces...
[[0;32m  OK  [0m] Started Update UTMP about System Boot/Shutdown.
[[0;32m  OK  [0m] Started Raise network interfaces.
[[0;32m  OK  [0m] Reached target Network.
         Starting Initial cloud-init job (metadata service crawler)...
[   44.311872] cloud-init[1067]: Cloud-init v. 0.7.8 running 'init' at Sun, 22 Apr 2018 05:41:12 +0000. Up 44.06 seconds.
[[0;32m  OK  [0m] Started Initial cloud-init job (metadata service crawler).
[   44.372420] cloud-init[1067]: ci-info: +++++++++++++++++++++++++++++++++++++Net device info++++++++++++++++++++++++++++++++++++++
[   44.488289] [cloud-init[0;32m  OK  [0m[1067]: ] ci-info: +--------+------+----------------------------+---------------+-------+-------------------+Reached target System Initialization.

[[0;32m  OK  [0m] Listening on ACPID Listen Socket.
[[0;32m  OK  [0m] Listening on UUID daemon activation socket.
[[0;32m  OK  [0m] Started Daily Cleanup of Temporary Directories.
[   44.488702] cloud-init[1067]: ci-info: | Device |  Up  |          Address           |      Mask     | Scope |     Hw-Address    |
[   44.608636] [cloud-init[0;32m  OK  [0m[1067]: ] ci-info: +--------+------+----------------------------+---------------+-------+-------------------+Started ACPI Events Check.

[   44.608976] cloud-init[1067]: ci-info: | enp0s3 | True |         10.0.2.15          | 255.255.255.0 |   .   | 02:d8:e4:47:7a:33 |
[   44.808295] [cloud-init[0;32m  OK  [0m[1067]: ] ci-info: | enp0s3 | True | fe80::d8:e4ff:fe47:7a33/64 |       .       |  link | 02:d8:e4:47:7a:33 |Started Daily apt activities.

[   44.808643] cloud-init[1067]: ci-info: |   lo   | True |         127.0.0.1          |   255.0.0.0   |   .   |         .         |
[   44.885533]          Starting LXD - unix socket.
[[0;32m  OK  [0m] Started Timer to automatically refresh installed snaps.
[[0;32m  OK  [0m] Reached target Timers.
[[0;32m  OK  [0m] Started Trigger resolvconf update for networkd DNS.
[[0;32m  OK  [0m] Reached target Paths.
[[0;32m  OK  [0m] Listening on D-Bus System Message Bus Socket.
         Starting Socket activation for snappy daemon.
[[0;32m  OK  [0m] Reached target Cloud-config availability.
[[0;32m  OK  [0m] Reached target Network is Online.
cloud-init[1067]: ci-info: |   lo   | True |          ::1/128           |       .       |  host |         .         |
[   44.890865] cloud-init[1067]: ci-info: +--------+------+----------------------------+---------------+-------+-------------------+
[   44.970565]          cloud-initStarting iSCSI initiator daemon (iscsid)...[1067]: 
ci-info: +++++++++++++++++++++++++++Route IPv4 info++++++++++++++++++++++++++++
[   45.040671] [[0;32m  OK  [0m] Listening on LXD - unix socket.
[[0;32m  OK  [0m] Listening on Socket activation for snappy daemon.
cloud-init[1067]: ci-info: +-------+-------------+----------+---------------+-----------+-------+
[   45.093895] [cloud-init[0;32m  OK  [0m[1067]: ] ci-info: | Route | Destination | Gateway  |    Genmask    | Interface | Flags |Started iSCSI initiator daemon (iscsid).

[   45.094540] cloud-init[1067]: ci-info: +-------+-------------+----------+---------------+-----------+-------+
[   45.248839] cloud-init[1067]: ci-info: |   0   |   0.0.0.0   | 10.0.2.2 |    0.0.0.0    |   enp0s3  |   UG  |
         Starting Login to default iSCSI targets...
[   45.249430] cloud-init[1067]: ci-info: |   1   |   10.0.2.0  | 0.0.0.0  | 255.255.255.0 |   enp0s3  |   U   |
[[0;32m  OK  [0m] Reached target Sockets.
[[0;32m  OK  [0m] Reached target Basic System.
[   45.285876] cloud-init[1067]: ci-info: +-------+-------------+----------+---------------+-----------+-------+
         Starting System Logging Service...
[[0;32m  OK  [0m] Started ACPI event daemon.
[[0;32m  OK  [0m] Started Deferred execution scheduler.
         Starting /etc/rc.local Compatibility...
[[0;32m  OK  [0m] Started Snappy daemon.
         Starting Accounts Service...
         Starting Auto import assertions from block devices...
         Starting LSB: MD monitoring daemon...
         Starting Login Service...
         Starting Apply the settings specified in cloud-config...
         Starting OpenBSD Secure Shell server...
[[0;32m  OK  [0m] Started D-Bus System Message Bus.
[[0;32m  OK  [0m] Started FUSE filesystem for LXC.
[[0;32m  OK  [0m] Started Regular background program processing daemon.
         Starting LSB: Record successful boot for GRUB...
         Starting LXD - container startup/shutdown...
[[0;32m  OK  [0m] Started System Logging Service.
[[0;32m  OK  [0m] Started OpenBSD Secure Shell server.
[[0;32m  OK  [0m] Started /etc/rc.local Compatibility.
[[0;32m  OK  [0m] Started Auto import assertions from block devices.
[[0;32m  OK  [0m] Started LXD - container startup/shutdown.
[   46.076147] cloud-init[1159]: Cloud-init v. 0.7.8 running 'modules:config' at Sun, 22 Apr 2018 05:41:14 +0000. Up 45.99 seconds.
[[0;32m  OK  [0m] Started Login to default iSCSI targets.
[[0;32m  OK  [0m] Started Apply the settings specified in cloud-config.
[[0;32m  OK  [0m] Started LSB: MD monitoring daemon.
[[0;32m  OK  [0m] Started LSB: Record successful boot for GRUB.
[[0;32m  OK  [0m] Started Login Service.
         Starting Authenticate and Authorize Users to Run Privileged Tasks...
[[0;32m  OK  [0m] Reached target Remote File Systems (Pre).
[[0;32m  OK  [0m] Reached target Remote File Systems.
         Starting Permit User Sessions...
         Starting LSB: Set the CPU Frequency Scaling governor to "ondemand"...
         Starting LSB: daemon to balance interrupts for SMP systems...
         Starting LSB: automatic crash report generation...
         Starting LSB: VirtualBox Linux Additions...
[[0;32m  OK  [0m] Started Permit User Sessions.
[[0;32m  OK  [0m] Started Authenticate and Authorize Users to Run Privileged Tasks.
[[0;32m  OK  [0m] Started Accounts Service.
[[0;32m  OK  [0m] Started LSB: Set the CPU Frequency Scaling governor to "ondemand".
[[0;32m  OK  [0m] Started LSB: daemon to balance interrupts for SMP systems.
[[0;32m  OK  [0m] Created slice User Slice of ubuntu.
[[0;32m  OK  [0m] Started Session 1 of user ubuntu.
         Starting User Manager for UID 1000...
         Starting Terminate Plymouth Boot Screen...
         Starting Hold until boot process finishes up...
[[0;32m  OK  [0m] Started User Manager for UID 1000.
[[0;32m  OK  [0m] Started LSB: automatic crash report generation.
[[0;32m  OK  [0m] Started LSB: VirtualBox Linux Additions.
[[0;32m  OK  [0m] Started Terminate Plymouth Boot Screen.
[[0;32m  OK  [0m] Started Hold until boot process finishes up.
         Starting Set console scheme...
[[0;32m  OK  [0m] Started Getty on tty1.
[[0;32m  OK  [0m] Started Serial Getty on ttyS0.
[[0;32m  OK  [0m] Reached target Login Prompts.
[[0;32m  OK  [0m] Reached target Multi-User System.
         Starting Execute cloud user/final scripts...
[[0;32m  OK  [0m] Reached target Graphical Interface.
         Starting Update UTMP about System Runlevel Changes...
[[0;32m  OK  [0m] Started Set console scheme.
[[0;32m  OK  [0m] Started Update UTMP about System Runlevel Changes.
[   48.034081] cloud-init[1308]: Cloud-init v. 0.7.8 running 'modules:final' at Sun, 22 Apr 2018 05:41:16 +0000. Up 47.94 seconds.
[   48.209311] cloud-init[1308]: Cloud-init v. 0.7.8 finished at Sun, 22 Apr 2018 05:41:16 +0000. Datasource DataSourceNoCloud [seed=/dev/sdb][dsmode=net].  Up 48.02 seconds
[[0;32m  OK  [0m] Started Execute cloud user/final scripts.
[[0;32m  OK  [0m] Reached target Cloud-init target.

Ubuntu 16.04.1 LTS ubuntu-xenial ttyS0

ubuntu-xenial login: [  214.128057] e1000 0000:00:03.0 enp0s3: Detected Tx Unit Hang
[  214.128057]   Tx Queue             <0>
[  214.128057]   TDH                  <d0>
[  214.128057]   TDT                  <d2>
[  214.128057]   next_to_use          <d2>
[  214.128057]   next_to_clean        <d0>
[  214.128057] buffer_info[next_to_clean]
[  214.128057]   time_stamp           <ffff8db5>
[  214.128057]   next_to_watch        <d1>
[  214.128057]   jiffies              <ffff8ef6>
[  214.128057]   next_to_watch.status <0>
[  216.137270] e1000 0000:00:03.0 enp0s3: Detected Tx Unit Hang
[  216.137270]   Tx Queue             <0>
[  216.137270]   TDH                  <d0>
[  216.137270]   TDT                  <d2>
[  216.137270]   next_to_use          <d2>
[  216.137270]   next_to_clean        <d0>
[  216.137270] buffer_info[next_to_clean]
[  216.137270]   time_stamp           <ffff8db5>
[  216.137270]   next_to_watch        <d1>
[  216.137270]   jiffies              <ffff90ec>
[  216.137270]   next_to_watch.status <0>
[  218.146962] e1000 0000:00:03.0 enp0s3: Detected Tx Unit Hang
[  218.146962]   Tx Queue             <0>
[  218.146962]   TDH                  <d0>
[  218.146962]   TDT                  <d2>
[  218.146962]   next_to_use          <d2>
[  218.146962]   next_to_clean        <d0>
[  218.146962] buffer_info[next_to_clean]
[  218.146962]   time_stamp           <ffff8db5>
[  218.146962]   next_to_watch        <d1>
[  218.146962]   jiffies              <ffff92e3>
[  218.146962]   next_to_watch.status <0>
[  220.156672] e1000 0000:00:03.0 enp0s3: Detected Tx Unit Hang
[  220.156672]   Tx Queue             <0>
[  220.156672]   TDH                  <d0>
[  220.156672]   TDT                  <d2>
[  220.156672]   next_to_use          <d2>
[  220.156672]   next_to_clean        <d0>
[  220.156672] buffer_info[next_to_clean]
[  220.156672]   time_stamp           <ffff8db5>
[  220.156672]   next_to_watch        <d1>
[  220.156672]   jiffies              <ffff94da>
[  220.156672]   next_to_watch.status <0>
[  221.700013] e1000 0000:00:03.0 enp0s3: Reset adapter
[  222.571391] e1000 0000:00:03.0 enp0s3: Detected Tx Unit Hang
[  222.571391]   Tx Queue             <0>
[  222.571391]   TDH                  <d0>
[  222.571391]   TDT                  <d2>
[  222.571391]   next_to_use          <d2>
[  222.571391]   next_to_clean        <d0>
[  222.571391] buffer_info[next_to_clean]
[  222.571391]   time_stamp           <ffff8db5>
[  222.571391]   next_to_watch        <d1>
[  222.571391]   jiffies              <ffff9736>
[  222.571391]   next_to_watch.status <0>
[  225.557718] e1000 0000:00:03.0 enp0s3: Reset adapter
